<?xml version="1.0" encoding="UTF-8"?>
<testsuite xmlns:xsi="http://www.w3.org/2001/XMLSchema-instance" xsi:noNamespaceSchemaLocation="https://maven.apache.org/surefire/maven-surefire-plugin/xsd/surefire-test-report-3.0.xsd" version="3.0" name="TestSuite" time="240.249" tests="3" errors="0" skipped="0" failures="1">
  <properties>
[...]
</properties>
  <testcase name="runScenario[&quot;User finds Ophthalmologists in banglore with relevant filters&quot;, &quot;Doctor Details&quot;](1)" classname="testrunner.testRunner" time="55.146">
    <failure message="no such element: Unable to locate element: {&quot;method&quot;:&quot;xpath&quot;,&quot;selector&quot;:&quot;//div[@data-qa-id=&apos;doctor_review_count_section&apos;]&quot;}&#10;  (Session info: chrome=120.0.6099.130)&#10;For documentation on this error, please visit: https://www.selenium.dev/documentation/webdriver/troubleshooting/errors#no-such-element-exception&#10;Build info: version: &apos;4.15.0&apos;, revision: &apos;1d14b5521b&apos;&#10;System info: os.name: &apos;Windows 11&apos;, os.arch: &apos;amd64&apos;, os.version: &apos;10.0&apos;, java.version: &apos;17.0.9&apos;&#10;Driver info: org.openqa.selenium.remote.RemoteWebDriver&#10;Command: [58d7902635922968327442507dcee8d8, findElement {using=xpath, value=//div[@data-qa-id=&apos;doctor_review_count_section&apos;]}]&#10;Capabilities {acceptInsecureCerts: false, browserName: chrome, browserVersion: 120.0.6099.130, chrome: {chromedriverVersion: 120.0.6099.109 (3419140ab66..., userDataDir: C:\Users\2303911\AppData\Lo...}, fedcm:accounts: true, goog:chromeOptions: {debuggerAddress: localhost:54391}, networkConnectionEnabled: false, pageLoadStrategy: normal, platformName: Windows 11, proxy: Proxy(), se:bidiEnabled: false, se:cdp: ws://10.90.203.108:4444/ses..., se:cdpVersion: 120.0.6099.130, setWindowRect: true, strictFileInteractability: false, timeouts: {implicit: 0, pageLoad: 300000, script: 30000}, unhandledPromptBehavior: dismiss and notify, webauthn:extension:credBlob: true, webauthn:extension:largeBlob: true, webauthn:extension:minPinLength: true, webauthn:extension:prf: true, webauthn:virtualAuthenticators: true}&#10;Session ID: 58d7902635922968327442507dcee8d8" type="org.openqa.selenium.NoSuchElementException"><![CDATA[org.openqa.selenium.NoSuchElementException: 
no such element: Unable to locate element: {"method":"xpath","selector":"//div[@data-qa-id='doctor_review_count_section']"}
  (Session info: chrome=120.0.6099.130)
For documentation on this error, please visit: https://www.selenium.dev/documentation/webdriver/troubleshooting/errors#no-such-element-exception
Build info: version: '4.15.0', revision: '1d14b5521b'
System info: os.name: 'Windows 11', os.arch: 'amd64', os.version: '10.0', java.version: '17.0.9'
Driver info: org.openqa.selenium.remote.RemoteWebDriver
Command: [58d7902635922968327442507dcee8d8, findElement {using=xpath, value=//div[@data-qa-id='doctor_review_count_section']}]
Capabilities {acceptInsecureCerts: false, browserName: chrome, browserVersion: 120.0.6099.130, chrome: {chromedriverVersion: 120.0.6099.109 (3419140ab66..., userDataDir: C:\Users\2303911\AppData\Lo...}, fedcm:accounts: true, goog:chromeOptions: {debuggerAddress: localhost:54391}, networkConnectionEnabled: false, pageLoadStrategy: normal, platformName: Windows 11, proxy: Proxy(), se:bidiEnabled: false, se:cdp: ws://10.90.203.108:4444/ses..., se:cdpVersion: 120.0.6099.130, setWindowRect: true, strictFileInteractability: false, timeouts: {implicit: 0, pageLoad: 300000, script: 30000}, unhandledPromptBehavior: dismiss and notify, webauthn:extension:credBlob: true, webauthn:extension:largeBlob: true, webauthn:extension:minPinLength: true, webauthn:extension:prf: true, webauthn:virtualAuthenticators: true}
Session ID: 58d7902635922968327442507dcee8d8
	at java.base/jdk.internal.reflect.NativeConstructorAccessorImpl.newInstance0(Native Method)
	at java.base/jdk.internal.reflect.NativeConstructorAccessorImpl.newInstance(NativeConstructorAccessorImpl.java:77)
	at java.base/jdk.internal.reflect.DelegatingConstructorAccessorImpl.newInstance(DelegatingConstructorAccessorImpl.java:45)
	at java.base/java.lang.reflect.Constructor.newInstanceWithCaller(Constructor.java:499)
	at java.base/java.lang.reflect.Constructor.newInstance(Constructor.java:480)
	at org.openqa.selenium.remote.codec.w3c.W3CHttpResponseCodec.createException(W3CHttpResponseCodec.java:200)
	at org.openqa.selenium.remote.codec.w3c.W3CHttpResponseCodec.decode(W3CHttpResponseCodec.java:133)
	at org.openqa.selenium.remote.codec.w3c.W3CHttpResponseCodec.decode(W3CHttpResponseCodec.java:52)
	at org.openqa.selenium.remote.HttpCommandExecutor.execute(HttpCommandExecutor.java:191)
	at org.openqa.selenium.remote.TracedCommandExecutor.execute(TracedCommandExecutor.java:51)
	at org.openqa.selenium.remote.RemoteWebDriver.execute(RemoteWebDriver.java:607)
	at org.openqa.selenium.remote.ElementLocation$ElementFinder$2.findElement(ElementLocation.java:165)
	at org.openqa.selenium.remote.ElementLocation.findElement(ElementLocation.java:59)
	at org.openqa.selenium.remote.RemoteWebDriver.findElement(RemoteWebDriver.java:364)
	at org.openqa.selenium.remote.RemoteWebDriver.findElement(RemoteWebDriver.java:358)
	at org.openqa.selenium.support.pagefactory.DefaultElementLocator.findElement(DefaultElementLocator.java:68)
	at org.openqa.selenium.support.pagefactory.internal.LocatingElementHandler.invoke(LocatingElementHandler.java:38)
	at jdk.proxy2/jdk.proxy2.$Proxy24.click(Unknown Source)
	at pageObjects.DoctordetailsPage.patientStories(DoctordetailsPage.java:83)
	at stepDefinitions.doctorDetails.user_selects_patient_stories_field_for_ophthalmologist(doctorDetails.java:40)
	at ✽.user selects patient stories field for ophthalmologist(file:///C:/Users/2303911/eclipse-workspace/Hackathon_project/./src/test/resources/FeatureFiles/doctordetails.feature:8)
]]></failure>
    <system-out><![CDATA[
Scenario: User finds Ophthalmologists in banglore with relevant filters    # src/test/resources/FeatureFiles/doctordetails.feature:3
  Given user is on the practo home page                                    # stepDefinitions.doctorDetails.user_is_on_the_practo_home_page()

    Embedding User finds Ophthalmologists in banglore with relevant filters [image/png 469741 bytes]

Title of the homepage is : Practo | Video Consultation with Doctors, Book Doctor Appointments, Order Medicine, Diagnostic Tests
  Then user validates the practo home page title                           # stepDefinitions.doctorDetails.user_validates_the_practo_home_page_title()

    Embedding User finds Ophthalmologists in banglore with relevant filters [image/png 469741 bytes]

  When user clicks on find doctors and clear the location field            # stepDefinitions.doctorDetails.user_clicks_on_find_doctors_and_clear_the_location_field()

    Embedding User finds Ophthalmologists in banglore with relevant filters [image/png 277748 bytes]

  And user enters bangalore and ophthalmologist in search textbox          # stepDefinitions.doctorDetails.user_enters_bangalore_and_ophthalmologist_in_search_textbox()

    Embedding User finds Ophthalmologists in banglore with relevant filters [image/png 289255 bytes]

  And user selects patient stories field for ophthalmologist               # stepDefinitions.doctorDetails.user_selects_patient_stories_field_for_ophthalmologist()
      org.openqa.selenium.NoSuchElementException: no such element: Unable to locate element: {"method":"xpath","selector":"//div[@data-qa-id='doctor_review_count_section']"}
  (Session info: chrome=120.0.6099.130)
For documentation on this error, please visit: https://www.selenium.dev/documentation/webdriver/troubleshooting/errors#no-such-element-exception
Build info: version: '4.15.0', revision: '1d14b5521b'
System info: os.name: 'Windows 11', os.arch: 'amd64', os.version: '10.0', java.version: '17.0.9'
Driver info: org.openqa.selenium.remote.RemoteWebDriver
Command: [58d7902635922968327442507dcee8d8, findElement {using=xpath, value=//div[@data-qa-id='doctor_review_count_section']}]
Capabilities {acceptInsecureCerts: false, browserName: chrome, browserVersion: 120.0.6099.130, chrome: {chromedriverVersion: 120.0.6099.109 (3419140ab66..., userDataDir: C:\Users\2303911\AppData\Lo...}, fedcm:accounts: true, goog:chromeOptions: {debuggerAddress: localhost:54391}, networkConnectionEnabled: false, pageLoadStrategy: normal, platformName: Windows 11, proxy: Proxy(), se:bidiEnabled: false, se:cdp: ws://10.90.203.108:4444/ses..., se:cdpVersion: 120.0.6099.130, setWindowRect: true, strictFileInteractability: false, timeouts: {implicit: 0, pageLoad: 300000, script: 30000}, unhandledPromptBehavior: dismiss and notify, webauthn:extension:credBlob: true, webauthn:extension:largeBlob: true, webauthn:extension:minPinLength: true, webauthn:extension:prf: true, webauthn:virtualAuthenticators: true}
Session ID: 58d7902635922968327442507dcee8d8
	at java.base/jdk.internal.reflect.NativeConstructorAccessorImpl.newInstance0(Native Method)
	at java.base/jdk.internal.reflect.NativeConstructorAccessorImpl.newInstance(NativeConstructorAccessorImpl.java:77)
	at java.base/jdk.internal.reflect.DelegatingConstructorAccessorImpl.newInstance(DelegatingConstructorAccessorImpl.java:45)
	at java.base/java.lang.reflect.Constructor.newInstanceWithCaller(Constructor.java:499)
	at java.base/java.lang.reflect.Constructor.newInstance(Constructor.java:480)
	at org.openqa.selenium.remote.codec.w3c.W3CHttpResponseCodec.createException(W3CHttpResponseCodec.java:200)
	at org.openqa.selenium.remote.codec.w3c.W3CHttpResponseCodec.decode(W3CHttpResponseCodec.java:133)
	at org.openqa.selenium.remote.codec.w3c.W3CHttpResponseCodec.decode(W3CHttpResponseCodec.java:52)
	at org.openqa.selenium.remote.HttpCommandExecutor.execute(HttpCommandExecutor.java:191)
	at org.openqa.selenium.remote.TracedCommandExecutor.execute(TracedCommandExecutor.java:51)
	at org.openqa.selenium.remote.RemoteWebDriver.execute(RemoteWebDriver.java:607)
	at org.openqa.selenium.remote.ElementLocation$ElementFinder$2.findElement(ElementLocation.java:165)
	at org.openqa.selenium.remote.ElementLocation.findElement(ElementLocation.java:59)
	at org.openqa.selenium.remote.RemoteWebDriver.findElement(RemoteWebDriver.java:364)
	at org.openqa.selenium.remote.RemoteWebDriver.findElement(RemoteWebDriver.java:358)
	at org.openqa.selenium.support.pagefactory.DefaultElementLocator.findElement(DefaultElementLocator.java:68)
	at org.openqa.selenium.support.pagefactory.internal.LocatingElementHandler.invoke(LocatingElementHandler.java:38)
	at jdk.proxy2/jdk.proxy2.$Proxy24.click(Unknown Source)
	at pageObjects.DoctordetailsPage.patientStories(DoctordetailsPage.java:83)
	at stepDefinitions.doctorDetails.user_selects_patient_stories_field_for_ophthalmologist(doctorDetails.java:40)
	at âœ½.user selects patient stories field for ophthalmologist(file:///C:/Users/2303911/eclipse-workspace/Hackathon_project/./src/test/resources/FeatureFiles/doctordetails.feature:8)

  And user selects experience field for ophthalmologist                    # stepDefinitions.doctorDetails.user_selects_experience_field_for_ophthalmologist()
  And user selects fees for ophthalmologist                                # stepDefinitions.doctorDetails.user_selects_fees_for_ophthalmologist()
  And user selects availability field for ophthalmologist                  # stepDefinitions.doctorDetails.user_selects_availability_field_for_ophthalmologist()
  And user selects sortby field for ophthalmologist                        # stepDefinitions.doctorDetails.user_selects_sortby_field_for_ophthalmologist()
  Then user stores the top five doctors in a list and prints their detials # stepDefinitions.doctorDetails.user_stores_the_top_five_doctors_in_a_list_and_prints_their_detials()
]]></system-out>
    <system-err><![CDATA[SLF4J: No SLF4J providers were found.
SLF4J: Defaulting to no-operation (NOP) logger implementation
SLF4J: See https://www.slf4j.org/codes.html#noProviders for further details.
Feb 26, 2024 4:12:00 PM org.openqa.selenium.remote.tracing.opentelemetry.OpenTelemetryTracer createTracer
INFO: Using OpenTelemetry for tracing
]]></system-err>
  </testcase>
  <testcase name="runScenario[&quot;sucessfully extracting and printing the list of surgeries&quot;, &quot;Surgeries and Details&quot;](2)" classname="testrunner.testRunner" time="35.299">
    <system-out><![CDATA[
Scenario: sucessfully extracting and printing the list of surgeries                 # src/test/resources/FeatureFiles/storedata.feature:3
  Given user navigate back to the previous page                                     # stepDefinitions.Storeprint.user_navigate_back_to_the_previous_page()

    Embedding sucessfully extracting and printing the list of surgeries [image/png 289255 bytes]

Title of the diagnostic page is: Practo Care Surgeries | End to end care from top surgeons in your city
User navigated to correct page
  When user clicks on surgeries and validates the page                              # stepDefinitions.Storeprint.user_clicks_on_surgeries_and_validates_the_page()

    Embedding sucessfully extracting and printing the list of surgeries [image/png 226220 bytes]

----------------Surgeries------------------
Total no of elements : 19
Piles
Hernia Treatment
Kidney Stone
Cataract
Circumcision
Lasik
Varicose Veins
Gallstone
Anal Fistula
Gynaecomastia
Anal Fissure
Lipoma Removal
Sebaceous cyst
Pilonidal Sinus
Lump in Breast
TURP
Hydrocele
Knee Replacement
Hair Transplant
List of surgeries are : [Piles, Hernia Treatment, Kidney Stone, Cataract, Circumcision, Lasik, Varicose Veins, Gallstone, Anal Fistula, Gynaecomastia, Anal Fissure, Lipoma Removal, Sebaceous cyst, Pilonidal Sinus, Lump in Breast, TURP, Hydrocele, Knee Replacement, Hair Transplant]
  Then user extracts and stores the list of surgery names and prints them in a list # stepDefinitions.Storeprint.user_extracts_and_stores_the_list_of_surgery_names_and_prints_them_in_a_list()

    Embedding sucessfully extracting and printing the list of surgeries [image/png 226308 bytes]

]]></system-out>
  </testcase>
  <testcase name="runScenario[&quot;Schedule a meeting in health and wellness plans for corporates&quot;, &quot;Surgeries and Details&quot;](3)" classname="testrunner.testRunner" time="63.355">
    <system-out><![CDATA[
Scenario: Schedule a meeting in health and wellness plans for corporates                                                          # src/test/resources/FeatureFiles/storedata.feature:8
  Given user is on practo home page                                                                                               # stepDefinitions.Storeprint.user_is_on__practo_home_page()

    Embedding Schedule a meeting in health and wellness plans for corporates [image/png 226321 bytes]

  When user clicks on for corporates and clicks on health and wellness plans in practo home page                                  # stepDefinitions.Storeprint.user_clicks_on_for_corporates_and_clicks_on_health_and_wellness_plans_in_practo_home_page()

    Embedding Schedule a meeting in health and wellness plans for corporates [image/png 397170 bytes]

corporates page title is : Employee Health | Corporate Health & Wellness Plans | Practo
Directed to correct page
  Then user navigates to health and wellness plans page and validate the page                                                     # stepDefinitions.Storeprint.user_navigates_to_health_and_wellness_plans_page_and_validate_the_page()

    Embedding Schedule a meeting in health and wellness plans for corporates [image/png 397170 bytes]

[[RemoteWebDriver: chrome on Windows 11 (58d7902635922968327442507dcee8d8)] -> xpath: //header[@id='header']//button[normalize-space()='Schedule a demo']]
2303911cognizant.com
  And user provide invalid email and validate schedule a demo button and print the invalid email in console and enter valid email # stepDefinitions.Storeprint.user_provide_invalid_email_and_validate_schedule_a_demo_button_and_print_the_invalid_email_in_console_and_enter_valid_email()

    Embedding Schedule a meeting in health and wellness plans for corporates [image/png 690063 bytes]

THANK YOU message is displayed
  And User validates the thankyou message                                                                                         # stepDefinitions.Storeprint.user_validates_the_thankyou_message()

    Embedding Schedule a meeting in health and wellness plans for corporates [image/png 136293 bytes]

]]></system-out>
  </testcase>
</testsuite>